<?xml version="1.0" encoding="UTF-8"?>
<!-- Generated by org.testng.reporters.JUnitReportReporter -->
<testsuite hostname="MadhusudhansAir.home" name="nz.co.anz.apitest.TestRestAPI" tests="1" failures="0" timestamp="17 Aug 2017 21:33:35 GMT" time="2.109" errors="0">
  <testcase name="getCustomerPositionDetails" time="2.109" classname="nz.co.anz.apitest.TestRestAPI"/>
</testsuite> <!-- nz.co.anz.apitest.TestRestAPI -->
